<?xml version="1.0" encoding="UTF-8"?>
<!-- Generated by org.testng.reporters.JUnitReportReporter -->
<testsuite skipped="0" hostname="KeyKin1" name="com.jotform.form.testsuite.TechnicalTest" tests="1" failures="0" timestamp="22 Dec 2021 23:54:26 GMT" time="22.881" errors="0">
  <testcase name="technicalTest" time="22.881" classname="com.jotform.form.testsuite.TechnicalTest"/>
</testsuite> <!-- com.jotform.form.testsuite.TechnicalTest -->
